[2014-05-01 16:51:19] production.ERROR: exception 'ErrorException' with message 'Missing argument 1 for Illuminate\Database\Schema\Blueprint::timestamp(), called in /var/www/rufin_lar/app/database/migrations/2014_05_01_164535_users.php on line 23 and defined' in /var/www/rufin_lar/vendor/laravel/framework/src/Illuminate/Database/Schema/Blueprint.php:611
Stack trace:
#0 /var/www/rufin_lar/vendor/laravel/framework/src/Illuminate/Database/Schema/Blueprint.php(611): Illuminate\Exception\Handler->handleError(2, 'Missing argumen...', '/var/www/rufin_...', 611, Array)
#1 /var/www/rufin_lar/app/database/migrations/2014_05_01_164535_users.php(23): Illuminate\Database\Schema\Blueprint->timestamp()
#2 /var/www/rufin_lar/vendor/laravel/framework/src/Illuminate/Database/Schema/Builder.php(110): Users->{closure}(Object(Illuminate\Database\Schema\Blueprint))
#3 /var/www/rufin_lar/bootstrap/compiled.php(3157): Illuminate\Database\Schema\Builder->create('users', Object(Closure))
#4 /var/www/rufin_lar/app/database/migrations/2014_05_01_164535_users.php(24): Illuminate\Support\Facades\Facade::__callStatic('create', Array)
#5 /var/www/rufin_lar/app/database/migrations/2014_05_01_164535_users.php(24): Illuminate\Support\Facades\Schema::create('users', Object(Closure))
#6 /var/www/rufin_lar/vendor/laravel/framework/src/Illuminate/Database/Migrations/Migrator.php(133): Users->up()
#7 /var/www/rufin_lar/vendor/laravel/framework/src/Illuminate/Database/Migrations/Migrator.php(109): Illuminate\Database\Migrations\Migrator->runUp('2014_05_01_1645...', 1, false)
#8 /var/www/rufin_lar/vendor/laravel/framework/src/Illuminate/Database/Migrations/Migrator.php(80): Illuminate\Database\Migrations\Migrator->runMigrationList(Array, false)
#9 /var/www/rufin_lar/vendor/laravel/framework/src/Illuminate/Database/Console/Migrations/MigrateCommand.php(65): Illuminate\Database\Migrations\Migrator->run('/var/www/rufin_...', false)
#10 /var/www/rufin_lar/vendor/laravel/framework/src/Illuminate/Console/Command.php(108): Illuminate\Database\Console\Migrations\MigrateCommand->fire()
#11 /var/www/rufin_lar/vendor/symfony/console/Symfony/Component/Console/Command/Command.php(241): Illuminate\Console\Command->execute(Object(Symfony\Component\Console\Input\ArgvInput), Object(Symfony\Component\Console\Output\ConsoleOutput))
#12 /var/www/rufin_lar/vendor/laravel/framework/src/Illuminate/Console/Command.php(96): Symfony\Component\Console\Command\Command->run(Object(Symfony\Component\Console\Input\ArgvInput), Object(Symfony\Component\Console\Output\ConsoleOutput))
#13 /var/www/rufin_lar/vendor/symfony/console/Symfony/Component/Console/Application.php(895): Illuminate\Console\Command->run(Object(Symfony\Component\Console\Input\ArgvInput), Object(Symfony\Component\Console\Output\ConsoleOutput))
#14 /var/www/rufin_lar/vendor/symfony/console/Symfony/Component/Console/Application.php(191): Symfony\Component\Console\Application->doRunCommand(Object(Illuminate\Database\Console\Migrations\MigrateCommand), Object(Symfony\Component\Console\Input\ArgvInput), Object(Symfony\Component\Console\Output\ConsoleOutput))
#15 /var/www/rufin_lar/vendor/symfony/console/Symfony/Component/Console/Application.php(121): Symfony\Component\Console\Application->doRun(Object(Symfony\Component\Console\Input\ArgvInput), Object(Symfony\Component\Console\Output\ConsoleOutput))
#16 /var/www/rufin_lar/artisan(59): Symfony\Component\Console\Application->run()
#17 {main} [] []
[2014-05-03 21:25:45] production.ERROR: exception 'ErrorException' with message 'Undefined property: Projects::$command' in /var/www/rufin/app/database/migrations/2014_05_03_212051_projects.php:24
Stack trace:
#0 /var/www/rufin/app/database/migrations/2014_05_03_212051_projects.php(24): Illuminate\Exception\Handler->handleError(8, 'Undefined prope...', '/var/www/rufin/...', 24, Array)
#1 /var/www/rufin/vendor/laravel/framework/src/Illuminate/Database/Schema/Builder.php(110): Projects->{closure}(Object(Illuminate\Database\Schema\Blueprint))
#2 /var/www/rufin/bootstrap/compiled.php(3157): Illuminate\Database\Schema\Builder->create('projects', Object(Closure))
#3 /var/www/rufin/app/database/migrations/2014_05_03_212051_projects.php(25): Illuminate\Support\Facades\Facade::__callStatic('create', Array)
#4 /var/www/rufin/app/database/migrations/2014_05_03_212051_projects.php(25): Illuminate\Support\Facades\Schema::create('projects', Object(Closure))
#5 /var/www/rufin/vendor/laravel/framework/src/Illuminate/Database/Migrations/Migrator.php(133): Projects->up()
#6 /var/www/rufin/vendor/laravel/framework/src/Illuminate/Database/Migrations/Migrator.php(109): Illuminate\Database\Migrations\Migrator->runUp('2014_05_03_2120...', 2, false)
#7 /var/www/rufin/vendor/laravel/framework/src/Illuminate/Database/Migrations/Migrator.php(80): Illuminate\Database\Migrations\Migrator->runMigrationList(Array, false)
#8 /var/www/rufin/vendor/laravel/framework/src/Illuminate/Database/Console/Migrations/MigrateCommand.php(65): Illuminate\Database\Migrations\Migrator->run('/var/www/rufin/...', false)
#9 /var/www/rufin/vendor/laravel/framework/src/Illuminate/Console/Command.php(108): Illuminate\Database\Console\Migrations\MigrateCommand->fire()
#10 /var/www/rufin/vendor/symfony/console/Symfony/Component/Console/Command/Command.php(241): Illuminate\Console\Command->execute(Object(Symfony\Component\Console\Input\ArgvInput), Object(Symfony\Component\Console\Output\ConsoleOutput))
#11 /var/www/rufin/vendor/laravel/framework/src/Illuminate/Console/Command.php(96): Symfony\Component\Console\Command\Command->run(Object(Symfony\Component\Console\Input\ArgvInput), Object(Symfony\Component\Console\Output\ConsoleOutput))
#12 /var/www/rufin/vendor/symfony/console/Symfony/Component/Console/Application.php(895): Illuminate\Console\Command->run(Object(Symfony\Component\Console\Input\ArgvInput), Object(Symfony\Component\Console\Output\ConsoleOutput))
#13 /var/www/rufin/vendor/symfony/console/Symfony/Component/Console/Application.php(191): Symfony\Component\Console\Application->doRunCommand(Object(Illuminate\Database\Console\Migrations\MigrateCommand), Object(Symfony\Component\Console\Input\ArgvInput), Object(Symfony\Component\Console\Output\ConsoleOutput))
#14 /var/www/rufin/vendor/symfony/console/Symfony/Component/Console/Application.php(121): Symfony\Component\Console\Application->doRun(Object(Symfony\Component\Console\Input\ArgvInput), Object(Symfony\Component\Console\Output\ConsoleOutput))
#15 /var/www/rufin/artisan(59): Symfony\Component\Console\Application->run()
#16 {main} [] []
[2014-05-03 21:26:33] production.ERROR: exception 'ErrorException' with message 'Undefined property: Illuminate\Database\Schema\Blueprint::$command' in /var/www/rufin/app/database/migrations/2014_05_03_212051_projects.php:24
Stack trace:
#0 /var/www/rufin/app/database/migrations/2014_05_03_212051_projects.php(24): Illuminate\Exception\Handler->handleError(8, 'Undefined prope...', '/var/www/rufin/...', 24, Array)
#1 /var/www/rufin/vendor/laravel/framework/src/Illuminate/Database/Schema/Builder.php(110): Projects->{closure}(Object(Illuminate\Database\Schema\Blueprint))
#2 /var/www/rufin/bootstrap/compiled.php(3157): Illuminate\Database\Schema\Builder->create('projects', Object(Closure))
#3 /var/www/rufin/app/database/migrations/2014_05_03_212051_projects.php(25): Illuminate\Support\Facades\Facade::__callStatic('create', Array)
#4 /var/www/rufin/app/database/migrations/2014_05_03_212051_projects.php(25): Illuminate\Support\Facades\Schema::create('projects', Object(Closure))
#5 /var/www/rufin/vendor/laravel/framework/src/Illuminate/Database/Migrations/Migrator.php(133): Projects->up()
#6 /var/www/rufin/vendor/laravel/framework/src/Illuminate/Database/Migrations/Migrator.php(109): Illuminate\Database\Migrations\Migrator->runUp('2014_05_03_2120...', 2, false)
#7 /var/www/rufin/vendor/laravel/framework/src/Illuminate/Database/Migrations/Migrator.php(80): Illuminate\Database\Migrations\Migrator->runMigrationList(Array, false)
#8 /var/www/rufin/vendor/laravel/framework/src/Illuminate/Database/Console/Migrations/MigrateCommand.php(65): Illuminate\Database\Migrations\Migrator->run('/var/www/rufin/...', false)
#9 /var/www/rufin/vendor/laravel/framework/src/Illuminate/Console/Command.php(108): Illuminate\Database\Console\Migrations\MigrateCommand->fire()
#10 /var/www/rufin/vendor/symfony/console/Symfony/Component/Console/Command/Command.php(241): Illuminate\Console\Command->execute(Object(Symfony\Component\Console\Input\ArgvInput), Object(Symfony\Component\Console\Output\ConsoleOutput))
#11 /var/www/rufin/vendor/laravel/framework/src/Illuminate/Console/Command.php(96): Symfony\Component\Console\Command\Command->run(Object(Symfony\Component\Console\Input\ArgvInput), Object(Symfony\Component\Console\Output\ConsoleOutput))
#12 /var/www/rufin/vendor/symfony/console/Symfony/Component/Console/Application.php(895): Illuminate\Console\Command->run(Object(Symfony\Component\Console\Input\ArgvInput), Object(Symfony\Component\Console\Output\ConsoleOutput))
#13 /var/www/rufin/vendor/symfony/console/Symfony/Component/Console/Application.php(191): Symfony\Component\Console\Application->doRunCommand(Object(Illuminate\Database\Console\Migrations\MigrateCommand), Object(Symfony\Component\Console\Input\ArgvInput), Object(Symfony\Component\Console\Output\ConsoleOutput))
#14 /var/www/rufin/vendor/symfony/console/Symfony/Component/Console/Application.php(121): Symfony\Component\Console\Application->doRun(Object(Symfony\Component\Console\Input\ArgvInput), Object(Symfony\Component\Console\Output\ConsoleOutput))
#15 /var/www/rufin/artisan(59): Symfony\Component\Console\Application->run()
#16 {main} [] []
